<?xml version="1.0" encoding="UTF-8"?>
<!-- Generated by org.testng.reporters.JUnitReportReporter -->
<testsuite skipped="0" hostname="P3A-HVZNXJ2" name="demoWebDriver.DemoWikipedia" tests="1" failures="0" timestamp="23 Sep 2019 09:16:07 GMT" time="4.979" errors="0">
  <testcase name="f" time="4.979" classname="demoWebDriver.DemoWikipedia"/>
</testsuite> <!-- demoWebDriver.DemoWikipedia -->
