<?xml version="1.0" encoding="UTF-8"?>
<!-- Generated by org.testng.reporters.JUnitReportReporter -->
<testsuite skipped="0" hostname="P3A-HVZNXJ2" name="demoWebDriver.SwitchMultipleWindow" tests="1" failures="0" timestamp="24 Sep 2019 05:42:51 GMT" time="2.909" errors="0">
  <testcase name="f" time="2.909" classname="demoWebDriver.SwitchMultipleWindow"/>
</testsuite> <!-- demoWebDriver.SwitchMultipleWindow -->
