<?xml version="1.0" encoding="UTF-8"?>
<!-- Generated by org.testng.reporters.JUnitReportReporter -->
<testsuite skipped="0" hostname="P3A-HVZNXJ2" name="testngFeatures.ExecutionSequence" tests="1" failures="0" timestamp="23 Sep 2019 04:37:06 GMT" time="0.005" errors="0">
  <testcase name="f" time="0.005" classname="testngFeatures.ExecutionSequence"/>
</testsuite> <!-- testngFeatures.ExecutionSequence -->
