<?xml version="1.0" encoding="UTF-8"?>
<!-- Generated by org.testng.reporters.JUnitReportReporter -->
<testsuite skipped="1" hostname="P3A-HVZNXJ2" name="testngFeatures.MercuryApplication" tests="7" failures="0" timestamp="23 Sep 2019 04:37:06 GMT" time="0.007" errors="0">
  <testcase name="openBrowser" time="0.001" classname="testngFeatures.MercuryApplication"/>
  <testcase name="Login" time="0.001" classname="testngFeatures.MercuryApplication"/>
  <testcase name="searchFlight" time="0.001" classname="testngFeatures.MercuryApplication"/>
  <testcase name="bookFlight" time="0.001" classname="testngFeatures.MercuryApplication"/>
  <testcase name="Logout" time="0.002" classname="testngFeatures.MercuryApplication"/>
  <testcase name="closeBrowser" time="0.001" classname="testngFeatures.MercuryApplication"/>
  <testcase name="openURL" classname="testngFeatures.MercuryApplication">
    <skipped/>
  </testcase> <!-- openURL -->
</testsuite> <!-- testngFeatures.MercuryApplication -->
