<?xml version="1.0" encoding="UTF-8"?>
<!-- Generated by org.testng.reporters.JUnitReportReporter -->
<testsuite skipped="0" hostname="P3A-HVZNXJ2" name="demoWebDriver.DemoNavigation" tests="1" failures="0" timestamp="23 Sep 2019 09:26:09 GMT" time="7.396" errors="0">
  <testcase name="f" time="7.396" classname="demoWebDriver.DemoNavigation"/>
</testsuite> <!-- demoWebDriver.DemoNavigation -->
