<?xml version="1.0" encoding="UTF-8"?>
<!-- Generated by org.testng.reporters.JUnitReportReporter -->
<testsuite skipped="0" hostname="P3A-HVZNXJ2" name="testngFeatures.OpenMercury" tests="1" failures="0" timestamp="23 Sep 2019 04:37:06 GMT" time="29.510" errors="0">
  <testcase name="f" time="29.510" classname="testngFeatures.OpenMercury"/>
</testsuite> <!-- testngFeatures.OpenMercury -->
