<?xml version="1.0" encoding="UTF-8"?>
<!-- Generated by org.testng.reporters.JUnitReportReporter -->
<testsuite skipped="0" hostname="P3A-HVZNXJ2" name="demoWebDriver.DemoDragDrop" tests="1" failures="0" timestamp="24 Sep 2019 05:03:27 GMT" time="7.813" errors="0">
  <testcase name="f" time="7.813" classname="demoWebDriver.DemoDragDrop"/>
</testsuite> <!-- demoWebDriver.DemoDragDrop -->
