<?xml version="1.0" encoding="UTF-8"?>
<!-- Generated by org.testng.reporters.JUnitReportReporter -->
<testsuite skipped="0" hostname="P3A-HVZNXJ2" name="demoWebDriver.DemoRegistration" tests="1" failures="0" timestamp="23 Sep 2019 07:12:00 GMT" time="20.704" errors="0">
  <testcase name="f" time="20.704" classname="demoWebDriver.DemoRegistration"/>
</testsuite> <!-- demoWebDriver.DemoRegistration -->
