<?xml version="1.0" encoding="UTF-8"?>
<!-- Generated by org.testng.reporters.JUnitReportReporter -->
<testsuite skipped="0" hostname="P3A-HVZNXJ2" name="demoWorkbook.ReadDataExcel" tests="1" failures="0" timestamp="24 Sep 2019 07:17:35 GMT" time="0.720" errors="0">
  <testcase name="f" time="0.720" classname="demoWorkbook.ReadDataExcel"/>
</testsuite> <!-- demoWorkbook.ReadDataExcel -->
