<?xml version="1.0" encoding="UTF-8"?>
<!-- Generated by org.testng.reporters.JUnitReportReporter -->
<testsuite skipped="0" hostname="P3A-HVZNXJ2" name="demoWorkbook.WriteDataExcle" tests="1" failures="0" timestamp="24 Sep 2019 08:54:19 GMT" time="9.253" errors="0">
  <testcase name="f" time="9.253" classname="demoWorkbook.WriteDataExcle"/>
</testsuite> <!-- demoWorkbook.WriteDataExcle -->
