<?xml version="1.0" encoding="UTF-8"?>
<!-- Generated by org.testng.reporters.JUnitReportReporter -->
<testsuite skipped="0" hostname="P3A-HVZNXJ2" name="demoWorkbook.ExcleWorkbok" tests="1" failures="0" timestamp="24 Sep 2019 07:02:32 GMT" time="0.792" errors="0">
  <testcase name="f" time="0.792" classname="demoWorkbook.ExcleWorkbok"/>
</testsuite> <!-- demoWorkbook.ExcleWorkbok -->
