<?xml version="1.0" encoding="UTF-8"?>
<!-- Generated by org.testng.reporters.JUnitReportReporter -->
<testsuite skipped="0" hostname="P3A-HVZNXJ2" name="demoWebDriver.VerifyTheContactDetails" tests="1" failures="0" timestamp="24 Sep 2019 04:46:45 GMT" time="6.756" errors="0">
  <testcase name="f" time="6.756" classname="demoWebDriver.VerifyTheContactDetails"/>
</testsuite> <!-- demoWebDriver.VerifyTheContactDetails -->
